Using pre-set license
Built from '2021.3/evg/staging/82bb020e-b03b1330/draft-0' branch; Version is '2021.3.16f1 (4016570cf34f) revision 4200023'; Using compiler version '192829333'; Build Type 'Release'
OS: 'Windows 10  (10.0.19044) 64bit Core' Language: 'en' Physical Memory: 16332 MB
BatchMode: 1, IsHumanControllingUs: 0, StartBugReporterOnCrash: 0, Is64bit: 1, IsPro: 1

COMMAND LINE ARGUMENTS:
C:\Program Files\Unity\Hub\Editor\2021.3.16f1\Editor\Unity.exe
-adb2
-batchMode
-noUpm
-name
AssetImportWorker1
-projectPath
C:/Users/kaylu/Documents/GitHub/NiaKay_HW3
-logFile
Logs/AssetImportWorker1.log
-srvPort
51875
Successfully changed project path to: C:/Users/kaylu/Documents/GitHub/NiaKay_HW3
C:/Users/kaylu/Documents/GitHub/NiaKay_HW3
[UnityMemory] Configuration Parameters - Can be set up in boot.config
    "memorysetup-bucket-allocator-granularity=16"
    "memorysetup-bucket-allocator-bucket-count=8"
    "memorysetup-bucket-allocator-block-size=33554432"
    "memorysetup-bucket-allocator-block-count=8"
    "memorysetup-main-allocator-block-size=16777216"
    "memorysetup-thread-allocator-block-size=16777216"
    "memorysetup-gfx-main-allocator-block-size=16777216"
    "memorysetup-gfx-thread-allocator-block-size=16777216"
    "memorysetup-cache-allocator-block-size=4194304"
    "memorysetup-typetree-allocator-block-size=2097152"
    "memorysetup-profiler-bucket-allocator-granularity=16"
    "memorysetup-profiler-bucket-allocator-bucket-count=8"
    "memorysetup-profiler-bucket-allocator-block-size=33554432"
    "memorysetup-profiler-bucket-allocator-block-count=8"
    "memorysetup-profiler-allocator-block-size=16777216"
    "memorysetup-profiler-editor-allocator-block-size=1048576"
    "memorysetup-temp-allocator-size-main=16777216"
    "memorysetup-job-temp-allocator-block-size=2097152"
    "memorysetup-job-temp-allocator-block-size-background=1048576"
    "memorysetup-job-temp-allocator-reduction-small-platforms=262144"
    "memorysetup-temp-allocator-size-background-worker=32768"
    "memorysetup-temp-allocator-size-job-worker=262144"
    "memorysetup-temp-allocator-size-preload-manager=33554432"
    "memorysetup-temp-allocator-size-nav-mesh-worker=65536"
    "memorysetup-temp-allocator-size-audio-worker=65536"
    "memorysetup-temp-allocator-size-cloud-worker=32768"
    "memorysetup-temp-allocator-size-gi-baking-worker=262144"
    "memorysetup-temp-allocator-size-gfx=262144"
Player connection [19728] Host "[IP] 192.168.1.21 [Port] 0 [Flags] 2 [Guid] 602737712 [EditorId] 602737712 [Version] 1048832 [Id] WindowsEditor(7,KAYLYNDESKTOP) [Debug] 1 [PackageName] WindowsEditor [ProjectName] Editor" joined multi-casting on [225.0.0.222:54997]...

Player connection [19728] Host "[IP] 192.168.1.21 [Port] 0 [Flags] 2 [Guid] 602737712 [EditorId] 602737712 [Version] 1048832 [Id] WindowsEditor(7,KAYLYNDESKTOP) [Debug] 1 [PackageName] WindowsEditor [ProjectName] Editor" joined alternative multi-casting on [225.0.0.222:34997]...

Refreshing native plugins compatible for Editor in 132.88 ms, found 8 plugins.
Preloading 1 native plugins for Editor in 2.24 ms.
Initialize engine version: 2021.3.16f1 (4016570cf34f)
[Subsystems] Discovering subsystems at path C:/Program Files/Unity/Hub/Editor/2021.3.16f1/Editor/Data/Resources/UnitySubsystems
[Subsystems] Discovering subsystems at path C:/Users/kaylu/Documents/GitHub/NiaKay_HW3/Assets
GfxDevice: creating device client; threaded=0; jobified=0
Direct3D:
    Version:  Direct3D 11.0 [level 11.1]
    Renderer: NVIDIA GeForce GTX 1050 Ti (ID=0x1c82)
    Vendor:   NVIDIA
    VRAM:     4017 MB
    Driver:   31.0.15.2849
Shader 'Oculus/OVRMRCameraFrameLit': fallback shader 'Alpha-Diffuse' not found
Initialize mono
Mono path[0] = 'C:/Program Files/Unity/Hub/Editor/2021.3.16f1/Editor/Data/Managed'
Mono path[1] = 'C:/Program Files/Unity/Hub/Editor/2021.3.16f1/Editor/Data/MonoBleedingEdge/lib/mono/unityjit-win32'
Mono config path = 'C:/Program Files/Unity/Hub/Editor/2021.3.16f1/Editor/Data/MonoBleedingEdge/etc'
Using monoOptions --debugger-agent=transport=dt_socket,embedding=1,server=y,suspend=n,address=127.0.0.1:56700
Begin MonoManager ReloadAssembly
Registering precompiled unity dll's ...
Register platform support module: C:/Program Files/Unity/Hub/Editor/2021.3.16f1/Editor/Data/PlaybackEngines/AndroidPlayer/UnityEditor.Android.Extensions.dll
Register platform support module: C:/Program Files/Unity/Hub/Editor/2021.3.16f1/Editor/Data/PlaybackEngines/WindowsStandaloneSupport/UnityEditor.WindowsStandalone.Extensions.dll
Registered in 0.010267 seconds.
Native extension for WindowsStandalone target not found
Native extension for Android target not found
Refreshing native plugins compatible for Editor in 119.28 ms, found 8 plugins.
Preloading 1 native plugins for Editor in 0.19 ms.
Mono: successfully reloaded assembly
- Completed reload, in  0.638 seconds
Domain Reload Profiling:
	ReloadAssembly (638ms)
		BeginReloadAssembly (70ms)
			ExecutionOrderSort (0ms)
			DisableScriptedObjects (0ms)
			BackupInstance (0ms)
			ReleaseScriptingObjects (0ms)
			CreateAndSetChildDomain (1ms)
		EndReloadAssembly (464ms)
			LoadAssemblies (67ms)
			RebuildTransferFunctionScriptingTraits (0ms)
			SetupTypeCache (102ms)
			ReleaseScriptCaches (0ms)
			RebuildScriptCaches (22ms)
			SetupLoadedEditorAssemblies (291ms)
				LogAssemblyErrors (0ms)
				InitializePlatformSupportModulesInManaged (51ms)
				SetLoadedEditorAssemblies (0ms)
				RefreshPlugins (120ms)
				BeforeProcessingInitializeOnLoad (1ms)
				ProcessInitializeOnLoadAttributes (83ms)
				ProcessInitializeOnLoadMethodAttributes (36ms)
				AfterProcessingInitializeOnLoad (0ms)
				EditorAssembliesLoaded (0ms)
			ExecutionOrderSort2 (0ms)
			AwakeInstancesAfterBackupRestoration (0ms)
Platform modules already initialized, skipping
Registering precompiled user dll's ...
Registered in 0.013177 seconds.
Begin MonoManager ReloadAssembly
Symbol file LoadedFromMemory doesn't match image C:\Users\kaylu\Documents\GitHub\NiaKay_HW3\Library\PackageCache\com.unity.visualscripting@1.7.8\Editor\VisualScripting.Core\Dependencies\DotNetZip\Unity.VisualScripting.IonicZip.dll
Symbol file LoadedFromMemory doesn't match image C:\Users\kaylu\Documents\GitHub\NiaKay_HW3\Library\PackageCache\com.unity.visualscripting@1.7.8\Editor\VisualScripting.Core\Dependencies\YamlDotNet\Unity.VisualScripting.YamlDotNet.dll
OnLevelWasLoaded was found on WitService
This message has been deprecated and will be removed in a later version of Unity.
Add a delegate to SceneManager.sceneLoaded instead to get notifications after scene loading has completed
Native extension for WindowsStandalone target not found
Native extension for Android target not found
Refreshing native plugins compatible for Editor in 152.78 ms, found 8 plugins.
Preloading 1 native plugins for Editor in 0.10 ms.
Package Manager log level set to [2]
[XR] OculusXRPlugin: registering subsystems
[XR] Unable to register display lifecyle provider: [1]
[XR] Oculus Input lifecycle provider registered.
[XR] Unable to register input lifecyle provider: [1]
[XR] OVRP version 1.81.0
Mono: successfully reloaded assembly
- Completed reload, in  1.777 seconds
Domain Reload Profiling:
	ReloadAssembly (1778ms)
		BeginReloadAssembly (236ms)
			ExecutionOrderSort (0ms)
			DisableScriptedObjects (6ms)
			BackupInstance (0ms)
			ReleaseScriptingObjects (0ms)
			CreateAndSetChildDomain (123ms)
		EndReloadAssembly (1416ms)
			LoadAssemblies (123ms)
			RebuildTransferFunctionScriptingTraits (0ms)
			SetupTypeCache (308ms)
			ReleaseScriptCaches (1ms)
			RebuildScriptCaches (82ms)
			SetupLoadedEditorAssemblies (876ms)
				LogAssemblyErrors (0ms)
				InitializePlatformSupportModulesInManaged (14ms)
				SetLoadedEditorAssemblies (0ms)
				RefreshPlugins (153ms)
				BeforeProcessingInitializeOnLoad (139ms)
				ProcessInitializeOnLoadAttributes (527ms)
				ProcessInitializeOnLoadMethodAttributes (27ms)
				AfterProcessingInitializeOnLoad (15ms)
				EditorAssembliesLoaded (0ms)
			ExecutionOrderSort2 (0ms)
			AwakeInstancesAfterBackupRestoration (5ms)
Platform modules already initialized, skipping
========================================================================
Worker process is ready to serve import requests
Shader 'Oculus/OVRMRCameraFrameLit': fallback shader 'Alpha-Diffuse' not found
Launched and connected shader compiler UnityShaderCompiler.exe after 0.05 seconds
Refreshing native plugins compatible for Editor in 1.75 ms, found 8 plugins.
Preloading 1 native plugins for Editor in 0.11 ms.
Unloading 5594 Unused Serialized files (Serialized files now loaded: 0)
Unloading 63 unused Assets / (200.0 KB). Loaded Objects now: 6029.
Memory consumption went from 202.6 MB to 202.4 MB.
Total: 5.353800 ms (FindLiveObjects: 0.692400 ms CreateObjectMapping: 0.349600 ms MarkObjects: 4.112700 ms  DeleteObjects: 0.197900 ms)

AssetImportParameters requested are different than current active one (requested -> active):
  custom:video-decoder-ogg-theora: a1e56fd34408186e4bbccfd4996cb3dc -> 
  custom:container-muxer-webm: aa71ff27fc2769a1b78a27578f13a17b -> 
  custom:container-demuxer-webm: 4f35f7cbe854078d1ac9338744f61a02 -> 
  custom:video-encoder-webm-vp8: eb34c28f22e8b96e1ab97ce403110664 -> 
  custom:audio-encoder-webm-vorbis: bf7c407c2cedff20999df2af8eb42d56 -> 
  custom:framework-win-MediaFoundation: 216162199b28c13a410421893ffa2e32 -> 
  custom:container-demuxer-ogg: 62fdf1f143b41e24485cea50d1cbac27 -> 
  custom:video-decoder-webm-vp8: 9c59270c3fd7afecdb556c50c9e8de78 -> 
  custom:audio-decoder-ogg-vorbis: bf7c407c2cedff20999df2af8eb42d56 -> 
========================================================================
Received Import Request.
  Time since last request: 4560.790315 seconds.
  path: Assets/Resources/OculusRuntimeSettings.asset
  artifactKey: Guid(24d8d48ee2d113245877591c0602d6e8) Importer(815301076,1909f56bfc062723c751e8b465ee728b)
Start importing Assets/Resources/OculusRuntimeSettings.asset using Guid(24d8d48ee2d113245877591c0602d6e8) Importer(815301076,1909f56bfc062723c751e8b465ee728b)  -> (artifact id: '46557dc13b194774d61bf7fc10501b1b') in 0.037251 seconds 
========================================================================
Received Import Request.
  Time since last request: 688.353509 seconds.
  path: Assets/Oculus/SampleFramework/Usage/OVROverlay/Prefabs/OverlayUICamera.prefab
  artifactKey: Guid(86b26048b3afda744b007257161860dc) Importer(815301076,1909f56bfc062723c751e8b465ee728b)
Start importing Assets/Oculus/SampleFramework/Usage/OVROverlay/Prefabs/OverlayUICamera.prefab using Guid(86b26048b3afda744b007257161860dc) Importer(815301076,1909f56bfc062723c751e8b465ee728b)  -> (artifact id: '93a980c5d5986aa786450bf8cbf30f50') in 0.015758 seconds 
========================================================================
Received Import Request.
  Time since last request: 619.008611 seconds.
  path: Assets/SimpleNaturePack/Models/Bush_01.fbx
  artifactKey: Guid(d8ea93d2d4757e444a5349f4bc849128) Importer(815301076,1909f56bfc062723c751e8b465ee728b)
Start importing Assets/SimpleNaturePack/Models/Bush_01.fbx using Guid(d8ea93d2d4757e444a5349f4bc849128) Importer(815301076,1909f56bfc062723c751e8b465ee728b)  -> (artifact id: '0728427ebd5a333a6beb30a61df23396') in 0.082159 seconds 
========================================================================
Received Import Request.
  Time since last request: 0.000025 seconds.
  path: Assets/SimpleNaturePack/Models/Mushroom_01.fbx
  artifactKey: Guid(d062f5c56ffb55c4f832432ada269abe) Importer(815301076,1909f56bfc062723c751e8b465ee728b)
Start importing Assets/SimpleNaturePack/Models/Mushroom_01.fbx using Guid(d062f5c56ffb55c4f832432ada269abe) Importer(815301076,1909f56bfc062723c751e8b465ee728b)  -> (artifact id: '3c9b7af25d0a3564a43782cb0739e13b') in 0.012114 seconds 
========================================================================
Received Import Request.
  Time since last request: 0.000021 seconds.
  path: Assets/SimpleNaturePack/Models/Rock_05.fbx
  artifactKey: Guid(fa2e670bb3648a84b9df8d16da25b85e) Importer(815301076,1909f56bfc062723c751e8b465ee728b)
Start importing Assets/SimpleNaturePack/Models/Rock_05.fbx using Guid(fa2e670bb3648a84b9df8d16da25b85e) Importer(815301076,1909f56bfc062723c751e8b465ee728b)  -> (artifact id: 'e1a8ce85838e9773d717b6e19c31a0e7') in 0.011632 seconds 
========================================================================
Received Import Request.
  Time since last request: 0.000023 seconds.
  path: Assets/SimpleNaturePack/Models/Ground_02.fbx
  artifactKey: Guid(57d3eed6d2253d24994d5ad37e00aedc) Importer(815301076,1909f56bfc062723c751e8b465ee728b)
Start importing Assets/SimpleNaturePack/Models/Ground_02.fbx using Guid(57d3eed6d2253d24994d5ad37e00aedc) Importer(815301076,1909f56bfc062723c751e8b465ee728b)  -> (artifact id: '8df7de54f8bdd8705c8300a396bc10d2') in 0.012591 seconds 
========================================================================
Received Import Request.
  Time since last request: 0.000018 seconds.
  path: Assets/SimpleNaturePack/Models/Tree_01.fbx
  artifactKey: Guid(6c7eaede4efc960409fb9ef2dfb77f29) Importer(815301076,1909f56bfc062723c751e8b465ee728b)
Start importing Assets/SimpleNaturePack/Models/Tree_01.fbx using Guid(6c7eaede4efc960409fb9ef2dfb77f29) Importer(815301076,1909f56bfc062723c751e8b465ee728b)  -> (artifact id: '558bc0f5eae497cf4bf2fa51e336919c') in 0.011825 seconds 
========================================================================
Received Import Request.
  Time since last request: 0.000020 seconds.
  path: Assets/SimpleNaturePack/Models/Tree_05.fbx
  artifactKey: Guid(603970f97e50c56488ec3c5a6febd940) Importer(815301076,1909f56bfc062723c751e8b465ee728b)
Start importing Assets/SimpleNaturePack/Models/Tree_05.fbx using Guid(603970f97e50c56488ec3c5a6febd940) Importer(815301076,1909f56bfc062723c751e8b465ee728b)  -> (artifact id: 'd4d1ebc4c2119b1fd9f35ccf725bdfc9') in 0.012055 seconds 
========================================================================
Received Import Request.
  Time since last request: 0.000025 seconds.
  path: Assets/SimpleNaturePack/Models/Stump_01.fbx
  artifactKey: Guid(768be665aba8b4e4aae7a973ae9616cf) Importer(815301076,1909f56bfc062723c751e8b465ee728b)
Start importing Assets/SimpleNaturePack/Models/Stump_01.fbx using Guid(768be665aba8b4e4aae7a973ae9616cf) Importer(815301076,1909f56bfc062723c751e8b465ee728b)  -> (artifact id: 'badb775b2956d37cd4915f7e4bd77c2b') in 0.011186 seconds 
========================================================================
Received Import Request.
  Time since last request: 0.000021 seconds.
  path: Assets/SimpleNaturePack/Models/Grass_02.fbx
  artifactKey: Guid(638dc165572d2a84081d13ce1afb4d52) Importer(815301076,1909f56bfc062723c751e8b465ee728b)
Start importing Assets/SimpleNaturePack/Models/Grass_02.fbx using Guid(638dc165572d2a84081d13ce1afb4d52) Importer(815301076,1909f56bfc062723c751e8b465ee728b)  -> (artifact id: '4f27eaad274e5c0987f1810e5c342885') in 0.011335 seconds 
========================================================================
Received Import Request.
  Time since last request: 0.000020 seconds.
  path: Assets/SimpleNaturePack/Models/Ground_01.fbx
  artifactKey: Guid(d4ad967689295ba4eaf8baeaebc8721b) Importer(815301076,1909f56bfc062723c751e8b465ee728b)
Start importing Assets/SimpleNaturePack/Models/Ground_01.fbx using Guid(d4ad967689295ba4eaf8baeaebc8721b) Importer(815301076,1909f56bfc062723c751e8b465ee728b)  -> (artifact id: '5ab14fc460e176528a3cd8c7b7ce55de') in 0.011755 seconds 
========================================================================
Received Import Request.
  Time since last request: 0.000016 seconds.
  path: Assets/SimpleNaturePack/Models/Rock_01.fbx
  artifactKey: Guid(e9089b1db16b58f4282a94e020b9c0e8) Importer(815301076,1909f56bfc062723c751e8b465ee728b)
Start importing Assets/SimpleNaturePack/Models/Rock_01.fbx using Guid(e9089b1db16b58f4282a94e020b9c0e8) Importer(815301076,1909f56bfc062723c751e8b465ee728b)  -> (artifact id: '4c909e95273d54c652e07d15d23792f4') in 0.011354 seconds 
========================================================================
Received Import Request.
  Time since last request: 0.000019 seconds.
  path: Assets/SimpleNaturePack/Models/Flowers_01.fbx
  artifactKey: Guid(b5a80b3e2a089b841b155d7c7f461e7c) Importer(815301076,1909f56bfc062723c751e8b465ee728b)
Start importing Assets/SimpleNaturePack/Models/Flowers_01.fbx using Guid(b5a80b3e2a089b841b155d7c7f461e7c) Importer(815301076,1909f56bfc062723c751e8b465ee728b)  -> (artifact id: '2df930e12a11ee9cb93d3a77ae3155e6') in 0.012010 seconds 
========================================================================
Received Import Request.
  Time since last request: 17.185770 seconds.
  path: Assets/Oculus/VR/Prefabs/OVRCustomHandPrefab_L.prefab
  artifactKey: Guid(c6a74181d4000004887343fb87b3c53a) Importer(815301076,1909f56bfc062723c751e8b465ee728b)
Start importing Assets/Oculus/VR/Prefabs/OVRCustomHandPrefab_L.prefab using Guid(c6a74181d4000004887343fb87b3c53a) Importer(815301076,1909f56bfc062723c751e8b465ee728b)  -> (artifact id: '49927319c47123cfcec5e4f75115b99d') in 0.027555 seconds 
========================================================================
Received Import Request.
  Time since last request: 0.000023 seconds.
  path: Assets/Oculus/VR/Prefabs/OVRHandPrefab.prefab
  artifactKey: Guid(835e735ca71bf78459fb2cababd74112) Importer(815301076,1909f56bfc062723c751e8b465ee728b)
Start importing Assets/Oculus/VR/Prefabs/OVRHandPrefab.prefab using Guid(835e735ca71bf78459fb2cababd74112) Importer(815301076,1909f56bfc062723c751e8b465ee728b)  -> (artifact id: 'da088bdb47277abb4fa2129f530c53de') in 0.005818 seconds 
========================================================================
Received Import Request.
  Time since last request: 0.000019 seconds.
  path: Assets/Oculus/VR/Prefabs/OVRPlayerController.prefab
  artifactKey: Guid(ce816f2e6abb0504092c23ed9b970dfd) Importer(815301076,1909f56bfc062723c751e8b465ee728b)
Start importing Assets/Oculus/VR/Prefabs/OVRPlayerController.prefab using Guid(ce816f2e6abb0504092c23ed9b970dfd) Importer(815301076,1909f56bfc062723c751e8b465ee728b)  -> (artifact id: '3b236345b208f919dccb6774e8726beb') in 0.005715 seconds 
========================================================================
Received Import Request.
  Time since last request: 0.000024 seconds.
  path: Assets/Oculus/VR/Prefabs/OVRSceneManager.prefab
  artifactKey: Guid(c813208e672e3074bbe118e1a9ee94fd) Importer(815301076,1909f56bfc062723c751e8b465ee728b)
Start importing Assets/Oculus/VR/Prefabs/OVRSceneManager.prefab using Guid(c813208e672e3074bbe118e1a9ee94fd) Importer(815301076,1909f56bfc062723c751e8b465ee728b)  -> (artifact id: 'a43c30865dcea2f0251545a9ef4d039d') in 0.005820 seconds 
